2025-11-24T14:09:20.329843Z  INFO tailwindcss_oxide::scanner: Provided sources:
2025-11-24T14:09:20.329997Z  INFO tailwindcss_oxide::scanner: Source: PublicSourceEntry { base: "D:\\VSK\\EntropyLabs\\FINDMYSTUFF", pattern: "**/*", negated: false }
2025-11-24T14:09:20.330316Z  INFO tailwindcss_oxide::scanner: Optimized sources:
2025-11-24T14:09:20.330348Z  INFO tailwindcss_oxide::scanner: Source: Auto { base: "D:\\VSK\\EntropyLabs\\FINDMYSTUFF" }
2025-11-24T14:09:20.332799Z  INFO scan_sources: tailwindcss_oxide::scanner: enter
2025-11-24T14:09:20.335081Z  INFO scan_sources: tailwindcss_oxide::scanner: Discovering "D:\\VSK\\EntropyLabs\\FINDMYSTUFF\\build-log.txt"
2025-11-24T14:09:20.335337Z  INFO scan_sources: tailwindcss_oxide::scanner: Discovering "D:\\VSK\\EntropyLabs\\FINDMYSTUFF\\env_template.txt"
2025-11-24T14:09:20.335986Z  INFO scan_sources: tailwindcss_oxide::scanner: Discovering "D:\\VSK\\EntropyLabs\\FINDMYSTUFF\\eslint.config.mjs"
2025-11-24T14:09:20.336113Z  INFO scan_sources: tailwindcss_oxide::scanner: Discovering "D:\\VSK\\EntropyLabs\\FINDMYSTUFF\\next.config.mjs"
2025-11-24T14:09:20.336570Z  INFO scan_sources: tailwindcss_oxide::scanner: Discovering "D:\\VSK\\EntropyLabs\\FINDMYSTUFF\\package.json"
2025-11-24T14:09:20.336712Z  INFO scan_sources: tailwindcss_oxide::scanner: Discovering "D:\\VSK\\EntropyLabs\\FINDMYSTUFF\\postcss.config.mjs"
2025-11-24T14:09:20.336896Z  INFO scan_sources: tailwindcss_oxide::scanner: Discovering "D:\\VSK\\EntropyLabs\\FINDMYSTUFF\\public"
2025-11-24T14:09:20.337189Z  INFO scan_sources: tailwindcss_oxide::scanner: Discovering "D:\\VSK\\EntropyLabs\\FINDMYSTUFF\\public\\file.svg"
2025-11-24T14:09:20.337317Z  INFO scan_sources: tailwindcss_oxide::scanner: Discovering "D:\\VSK\\EntropyLabs\\FINDMYSTUFF\\public\\globe.svg"
2025-11-24T14:09:20.337456Z  INFO scan_sources: tailwindcss_oxide::scanner: Discovering "D:\\VSK\\EntropyLabs\\FINDMYSTUFF\\public\\manifest.json"
2025-11-24T14:09:20.337571Z  INFO scan_sources: tailwindcss_oxide::scanner: Discovering "D:\\VSK\\EntropyLabs\\FINDMYSTUFF\\public\\next.svg"
2025-11-24T14:09:20.337714Z  INFO scan_sources: tailwindcss_oxide::scanner: Discovering "D:\\VSK\\EntropyLabs\\FINDMYSTUFF\\public\\vercel.svg"
2025-11-24T14:09:20.337834Z  INFO scan_sources: tailwindcss_oxide::scanner: Discovering "D:\\VSK\\EntropyLabs\\FINDMYSTUFF\\public\\window.svg"
2025-11-24T14:09:20.337999Z  INFO scan_sources: tailwindcss_oxide::scanner: Discovering "D:\\VSK\\EntropyLabs\\FINDMYSTUFF\\README.md"
2025-11-24T14:09:20.338110Z  INFO scan_sources: tailwindcss_oxide::scanner: Discovering "D:\\VSK\\EntropyLabs\\FINDMYSTUFF\\setup_instructions.md"
2025-11-24T14:09:20.338305Z  INFO scan_sources: tailwindcss_oxide::scanner: Discovering "D:\\VSK\\EntropyLabs\\FINDMYSTUFF\\src"
2025-11-24T14:09:20.338576Z  INFO scan_sources: tailwindcss_oxide::scanner: Discovering "D:\\VSK\\EntropyLabs\\FINDMYSTUFF\\src\\app"
2025-11-24T14:09:20.338788Z  INFO scan_sources: tailwindcss_oxide::scanner: Discovering "D:\\VSK\\EntropyLabs\\FINDMYSTUFF\\src\\app\\api"
2025-11-24T14:09:20.338997Z  INFO scan_sources: tailwindcss_oxide::scanner: Discovering "D:\\VSK\\EntropyLabs\\FINDMYSTUFF\\src\\app\\api\\auth"
2025-11-24T14:09:20.339212Z  INFO scan_sources: tailwindcss_oxide::scanner: Discovering "D:\\VSK\\EntropyLabs\\FINDMYSTUFF\\src\\app\\api\\auth\\[...nextauth]"
2025-11-24T14:09:20.339620Z  INFO scan_sources: tailwindcss_oxide::scanner: Discovering "D:\\VSK\\EntropyLabs\\FINDMYSTUFF\\src\\app\\api\\auth\\[...nextauth]\\route.ts"
2025-11-24T14:09:20.339852Z  INFO scan_sources: tailwindcss_oxide::scanner: Discovering "D:\\VSK\\EntropyLabs\\FINDMYSTUFF\\src\\app\\api\\posts"
2025-11-24T14:09:20.340047Z  INFO scan_sources: tailwindcss_oxide::scanner: Discovering "D:\\VSK\\EntropyLabs\\FINDMYSTUFF\\src\\app\\api\\posts\\route.ts"
2025-11-24T14:09:20.340191Z  INFO scan_sources: tailwindcss_oxide::scanner: Discovering "D:\\VSK\\EntropyLabs\\FINDMYSTUFF\\src\\app\\api\\posts\\[id]"
2025-11-24T14:09:20.340499Z  INFO scan_sources: tailwindcss_oxide::scanner: Discovering "D:\\VSK\\EntropyLabs\\FINDMYSTUFF\\src\\app\\api\\posts\\[id]\\route.ts"
2025-11-24T14:09:20.341322Z  INFO scan_sources: tailwindcss_oxide::scanner: Discovering "D:\\VSK\\EntropyLabs\\FINDMYSTUFF\\src\\app\\feed"
2025-11-24T14:09:20.341725Z  INFO scan_sources: tailwindcss_oxide::scanner: Discovering "D:\\VSK\\EntropyLabs\\FINDMYSTUFF\\src\\app\\feed\\feed-content.tsx"
2025-11-24T14:09:20.341908Z  INFO scan_sources: tailwindcss_oxide::scanner: Discovering "D:\\VSK\\EntropyLabs\\FINDMYSTUFF\\src\\app\\feed\\page.tsx"
2025-11-24T14:09:20.342077Z  INFO scan_sources: tailwindcss_oxide::scanner: Discovering "D:\\VSK\\EntropyLabs\\FINDMYSTUFF\\src\\app\\feed\\[id]"
2025-11-24T14:09:20.342273Z  INFO scan_sources: tailwindcss_oxide::scanner: Discovering "D:\\VSK\\EntropyLabs\\FINDMYSTUFF\\src\\app\\feed\\[id]\\page.tsx"
2025-11-24T14:09:20.342361Z  INFO scan_sources: tailwindcss_oxide::scanner: Discovering "D:\\VSK\\EntropyLabs\\FINDMYSTUFF\\src\\app\\feed\\[id]\\PostDetailClient.tsx"
2025-11-24T14:09:20.342504Z  INFO scan_sources: tailwindcss_oxide::scanner: Discovering "D:\\VSK\\EntropyLabs\\FINDMYSTUFF\\src\\app\\globals.css"
2025-11-24T14:09:20.342591Z  INFO scan_sources: tailwindcss_oxide::scanner: Discovering "D:\\VSK\\EntropyLabs\\FINDMYSTUFF\\src\\app\\layout.tsx"
2025-11-24T14:09:20.342723Z  INFO scan_sources: tailwindcss_oxide::scanner: Discovering "D:\\VSK\\EntropyLabs\\FINDMYSTUFF\\src\\app\\offline"
2025-11-24T14:09:20.342930Z  INFO scan_sources: tailwindcss_oxide::scanner: Discovering "D:\\VSK\\EntropyLabs\\FINDMYSTUFF\\src\\app\\offline\\page.tsx"
2025-11-24T14:09:20.343049Z  INFO scan_sources: tailwindcss_oxide::scanner: Discovering "D:\\VSK\\EntropyLabs\\FINDMYSTUFF\\src\\app\\page.tsx"
2025-11-24T14:09:20.343177Z  INFO scan_sources: tailwindcss_oxide::scanner: Discovering "D:\\VSK\\EntropyLabs\\FINDMYSTUFF\\src\\app\\report"
2025-11-24T14:09:20.343344Z  INFO scan_sources: tailwindcss_oxide::scanner: Discovering "D:\\VSK\\EntropyLabs\\FINDMYSTUFF\\src\\app\\report\\page.tsx"
2025-11-24T14:09:20.343549Z  INFO scan_sources: tailwindcss_oxide::scanner: Discovering "D:\\VSK\\EntropyLabs\\FINDMYSTUFF\\src\\components"
2025-11-24T14:09:20.343785Z  INFO scan_sources: tailwindcss_oxide::scanner: Discovering "D:\\VSK\\EntropyLabs\\FINDMYSTUFF\\src\\components\\ConfirmDialog.tsx"
2025-11-24T14:09:20.343876Z  INFO scan_sources: tailwindcss_oxide::scanner: Discovering "D:\\VSK\\EntropyLabs\\FINDMYSTUFF\\src\\components\\FilterBar.tsx"
2025-11-24T14:09:20.343964Z  INFO scan_sources: tailwindcss_oxide::scanner: Discovering "D:\\VSK\\EntropyLabs\\FINDMYSTUFF\\src\\components\\InstallPrompt.tsx"
2025-11-24T14:09:20.344099Z  INFO scan_sources: tailwindcss_oxide::scanner: Discovering "D:\\VSK\\EntropyLabs\\FINDMYSTUFF\\src\\components\\map"
2025-11-24T14:09:20.344291Z  INFO scan_sources: tailwindcss_oxide::scanner: Discovering "D:\\VSK\\EntropyLabs\\FINDMYSTUFF\\src\\components\\map\\Map.tsx"
2025-11-24T14:09:20.344377Z  INFO scan_sources: tailwindcss_oxide::scanner: Discovering "D:\\VSK\\EntropyLabs\\FINDMYSTUFF\\src\\components\\map\\MapPicker.tsx"
2025-11-24T14:09:20.344474Z  INFO scan_sources: tailwindcss_oxide::scanner: Discovering "D:\\VSK\\EntropyLabs\\FINDMYSTUFF\\src\\components\\map\\PostMap.tsx"
2025-11-24T14:09:20.344595Z  INFO scan_sources: tailwindcss_oxide::scanner: Discovering "D:\\VSK\\EntropyLabs\\FINDMYSTUFF\\src\\components\\post-card.tsx"
2025-11-24T14:09:20.344676Z  INFO scan_sources: tailwindcss_oxide::scanner: Discovering "D:\\VSK\\EntropyLabs\\FINDMYSTUFF\\src\\components\\post-form.tsx"
2025-11-24T14:09:20.344771Z  INFO scan_sources: tailwindcss_oxide::scanner: Discovering "D:\\VSK\\EntropyLabs\\FINDMYSTUFF\\src\\components\\Providers.tsx"
2025-11-24T14:09:20.344849Z  INFO scan_sources: tailwindcss_oxide::scanner: Discovering "D:\\VSK\\EntropyLabs\\FINDMYSTUFF\\src\\components\\SearchInput.tsx"
2025-11-24T14:09:20.345002Z  INFO scan_sources: tailwindcss_oxide::scanner: Discovering "D:\\VSK\\EntropyLabs\\FINDMYSTUFF\\src\\components\\ui"
2025-11-24T14:09:20.345185Z  INFO scan_sources: tailwindcss_oxide::scanner: Discovering "D:\\VSK\\EntropyLabs\\FINDMYSTUFF\\src\\components\\ui\\button.tsx"
2025-11-24T14:09:20.345444Z  INFO scan_sources: tailwindcss_oxide::scanner: Discovering "D:\\VSK\\EntropyLabs\\FINDMYSTUFF\\src\\hooks"
2025-11-24T14:09:20.345624Z  INFO scan_sources: tailwindcss_oxide::scanner: Discovering "D:\\VSK\\EntropyLabs\\FINDMYSTUFF\\src\\hooks\\useDebounce.ts"
2025-11-24T14:09:20.345771Z  INFO scan_sources: tailwindcss_oxide::scanner: Discovering "D:\\VSK\\EntropyLabs\\FINDMYSTUFF\\src\\lib"
2025-11-24T14:09:20.345973Z  INFO scan_sources: tailwindcss_oxide::scanner: Discovering "D:\\VSK\\EntropyLabs\\FINDMYSTUFF\\src\\lib\\db.ts"
2025-11-24T14:09:20.346128Z  INFO scan_sources: tailwindcss_oxide::scanner: Discovering "D:\\VSK\\EntropyLabs\\FINDMYSTUFF\\src\\models"
2025-11-24T14:09:20.346290Z  INFO scan_sources: tailwindcss_oxide::scanner: Discovering "D:\\VSK\\EntropyLabs\\FINDMYSTUFF\\src\\models\\Post.ts"
2025-11-24T14:09:20.346370Z  INFO scan_sources: tailwindcss_oxide::scanner: Discovering "D:\\VSK\\EntropyLabs\\FINDMYSTUFF\\src\\models\\User.ts"
2025-11-24T14:09:20.346527Z  INFO scan_sources: tailwindcss_oxide::scanner: Discovering "D:\\VSK\\EntropyLabs\\FINDMYSTUFF\\tsconfig.json"
2025-11-24T14:09:20.346665Z  INFO scan_sources: tailwindcss_oxide::scanner: exit
2025-11-24T14:09:20.346680Z  INFO extract_candidates: tailwindcss_oxide::scanner: enter
2025-11-24T14:09:20.346690Z  INFO extract_candidates:read_all_files: tailwindcss_oxide::scanner: enter
2025-11-24T14:09:20.346696Z  INFO extract_candidates:read_all_files: tailwindcss_oxide::scanner: Reading 41 file(s)
2025-11-24T14:09:20.347445Z  INFO tailwindcss_oxide::scanner: Reading "D:\\VSK\\EntropyLabs\\FINDMYSTUFF\\build-log.txt"
2025-11-24T14:09:20.347441Z  INFO tailwindcss_oxide::scanner: Reading "D:\\VSK\\EntropyLabs\\FINDMYSTUFF\\src\\components\\map\\PostMap.tsx"
2025-11-24T14:09:20.347533Z  INFO tailwindcss_oxide::scanner: Reading "D:\\VSK\\EntropyLabs\\FINDMYSTUFF\\src\\components\\ui\\button.tsx"
2025-11-24T14:09:20.347610Z  INFO tailwindcss_oxide::scanner: Reading "D:\\VSK\\EntropyLabs\\FINDMYSTUFF\\env_template.txt"
2025-11-24T14:09:20.347653Z  INFO tailwindcss_oxide::scanner: Reading "D:\\VSK\\EntropyLabs\\FINDMYSTUFF\\src\\components\\post-card.tsx"
2025-11-24T14:09:20.347684Z  INFO tailwindcss_oxide::scanner: Reading "D:\\VSK\\EntropyLabs\\FINDMYSTUFF\\src\\hooks\\useDebounce.ts"
2025-11-24T14:09:20.347696Z  INFO tailwindcss_oxide::scanner: Reading "D:\\VSK\\EntropyLabs\\FINDMYSTUFF\\src\\components\\ConfirmDialog.tsx"
2025-11-24T14:09:20.347740Z  INFO tailwindcss_oxide::scanner: Reading "D:\\VSK\\EntropyLabs\\FINDMYSTUFF\\eslint.config.mjs"
2025-11-24T14:09:20.347797Z  INFO tailwindcss_oxide::scanner: Reading "D:\\VSK\\EntropyLabs\\FINDMYSTUFF\\src\\components\\post-form.tsx"
2025-11-24T14:09:20.347808Z  INFO tailwindcss_oxide::scanner: Reading "D:\\VSK\\EntropyLabs\\FINDMYSTUFF\\src\\lib\\db.ts"
2025-11-24T14:09:20.347826Z  INFO tailwindcss_oxide::scanner: Reading "D:\\VSK\\EntropyLabs\\FINDMYSTUFF\\src\\components\\FilterBar.tsx"
2025-11-24T14:09:20.347866Z  INFO tailwindcss_oxide::scanner: Reading "D:\\VSK\\EntropyLabs\\FINDMYSTUFF\\next.config.mjs"
2025-11-24T14:09:20.347921Z  INFO tailwindcss_oxide::scanner: Reading "D:\\VSK\\EntropyLabs\\FINDMYSTUFF\\src\\models\\Post.ts"
2025-11-24T14:09:20.347956Z  INFO tailwindcss_oxide::scanner: Reading "D:\\VSK\\EntropyLabs\\FINDMYSTUFF\\src\\components\\Providers.tsx"
2025-11-24T14:09:20.347466Z  INFO tailwindcss_oxide::scanner: Reading "D:\\VSK\\EntropyLabs\\FINDMYSTUFF\\src\\app\\feed\\[id]\\PostDetailClient.tsx"
2025-11-24T14:09:20.347956Z  INFO tailwindcss_oxide::scanner: Reading "D:\\VSK\\EntropyLabs\\FINDMYSTUFF\\src\\components\\InstallPrompt.tsx"
2025-11-24T14:09:20.348051Z  INFO tailwindcss_oxide::scanner: Reading "D:\\VSK\\EntropyLabs\\FINDMYSTUFF\\src\\models\\User.ts"
2025-11-24T14:09:20.348030Z  INFO tailwindcss_oxide::scanner: Reading "D:\\VSK\\EntropyLabs\\FINDMYSTUFF\\package.json"
2025-11-24T14:09:20.348087Z  INFO tailwindcss_oxide::scanner: Reading "D:\\VSK\\EntropyLabs\\FINDMYSTUFF\\src\\components\\SearchInput.tsx"
2025-11-24T14:09:20.348097Z  INFO tailwindcss_oxide::scanner: Reading "D:\\VSK\\EntropyLabs\\FINDMYSTUFF\\src\\app\\layout.tsx"
2025-11-24T14:09:20.348173Z  INFO tailwindcss_oxide::scanner: Reading "D:\\VSK\\EntropyLabs\\FINDMYSTUFF\\tsconfig.json"
2025-11-24T14:09:20.348234Z  INFO tailwindcss_oxide::scanner: Reading "D:\\VSK\\EntropyLabs\\FINDMYSTUFF\\src\\app\\offline\\page.tsx"
2025-11-24T14:09:20.348230Z  INFO tailwindcss_oxide::scanner: Reading "D:\\VSK\\EntropyLabs\\FINDMYSTUFF\\src\\components\\map\\MapPicker.tsx"
2025-11-24T14:09:20.348318Z  INFO tailwindcss_oxide::scanner: Reading "D:\\VSK\\EntropyLabs\\FINDMYSTUFF\\src\\app\\page.tsx"
2025-11-24T14:09:20.348336Z  INFO tailwindcss_oxide::scanner: Reading "D:\\VSK\\EntropyLabs\\FINDMYSTUFF\\src\\components\\map\\Map.tsx"
2025-11-24T14:09:20.348347Z  INFO tailwindcss_oxide::scanner: Reading "D:\\VSK\\EntropyLabs\\FINDMYSTUFF\\postcss.config.mjs"
2025-11-24T14:09:20.348381Z  INFO tailwindcss_oxide::scanner: Reading "D:\\VSK\\EntropyLabs\\FINDMYSTUFF\\public\\vercel.svg"
2025-11-24T14:09:20.348429Z  INFO tailwindcss_oxide::scanner: Reading "D:\\VSK\\EntropyLabs\\FINDMYSTUFF\\src\\app\\api\\posts\\route.ts"
2025-11-24T14:09:20.348483Z  INFO tailwindcss_oxide::scanner: Reading "D:\\VSK\\EntropyLabs\\FINDMYSTUFF\\src\\app\\report\\page.tsx"
2025-11-24T14:09:20.348486Z  INFO tailwindcss_oxide::scanner: Reading "D:\\VSK\\EntropyLabs\\FINDMYSTUFF\\public\\window.svg"
2025-11-24T14:09:20.348571Z  INFO tailwindcss_oxide::scanner: Reading "D:\\VSK\\EntropyLabs\\FINDMYSTUFF\\public\\file.svg"
2025-11-24T14:09:20.348582Z  INFO tailwindcss_oxide::scanner: Reading "D:\\VSK\\EntropyLabs\\FINDMYSTUFF\\src\\app\\api\\posts\\[id]\\route.ts"
2025-11-24T14:09:20.348605Z  INFO tailwindcss_oxide::scanner: Reading "D:\\VSK\\EntropyLabs\\FINDMYSTUFF\\public\\globe.svg"
2025-11-24T14:09:20.348579Z  INFO tailwindcss_oxide::scanner: Reading "D:\\VSK\\EntropyLabs\\FINDMYSTUFF\\README.md"
2025-11-24T14:09:20.348644Z  INFO tailwindcss_oxide::scanner: Reading "D:\\VSK\\EntropyLabs\\FINDMYSTUFF\\src\\app\\feed\\feed-content.tsx"
2025-11-24T14:09:20.348735Z  INFO tailwindcss_oxide::scanner: Reading "D:\\VSK\\EntropyLabs\\FINDMYSTUFF\\setup_instructions.md"
2025-11-24T14:09:20.348735Z  INFO tailwindcss_oxide::scanner: Reading "D:\\VSK\\EntropyLabs\\FINDMYSTUFF\\src\\app\\feed\\page.tsx"
2025-11-24T14:09:20.348781Z  INFO tailwindcss_oxide::scanner: Reading "D:\\VSK\\EntropyLabs\\FINDMYSTUFF\\src\\app\\feed\\[id]\\page.tsx"
2025-11-24T14:09:20.348782Z  INFO tailwindcss_oxide::scanner: Reading "D:\\VSK\\EntropyLabs\\FINDMYSTUFF\\public\\next.svg"
2025-11-24T14:09:20.348829Z  INFO tailwindcss_oxide::scanner: Reading "D:\\VSK\\EntropyLabs\\FINDMYSTUFF\\public\\manifest.json"
2025-11-24T14:09:20.348898Z  INFO tailwindcss_oxide::scanner: Reading "D:\\VSK\\EntropyLabs\\FINDMYSTUFF\\src\\app\\api\\auth\\[...nextauth]\\route.ts"
2025-11-24T14:09:20.349209Z  INFO extract_candidates:read_all_files: tailwindcss_oxide::scanner: exit
2025-11-24T14:09:20.349243Z  INFO extract_candidates:parse_all_blobs: tailwindcss_oxide::scanner: enter
2025-11-24T14:09:20.349253Z  INFO extract_candidates:parse_all_blobs:extract: tailwindcss_oxide::scanner: enter
2025-11-24T14:09:20.350801Z  INFO extract_candidates:parse_all_blobs:extract: tailwindcss_oxide::scanner: exit
2025-11-24T14:09:20.350887Z  INFO extract_candidates:parse_all_blobs: tailwindcss_oxide::scanner: exit
2025-11-24T14:09:20.350902Z  INFO extract_candidates:read_all_files: tailwindcss_oxide::scanner: enter
2025-11-24T14:09:20.350909Z  INFO extract_candidates:read_all_files: tailwindcss_oxide::scanner: Reading 1 file(s)
2025-11-24T14:09:20.351158Z  INFO extract_candidates:read_all_files: tailwindcss_oxide::scanner: Reading "D:\\VSK\\EntropyLabs\\FINDMYSTUFF\\src\\app\\globals.css"
2025-11-24T14:09:20.351185Z  INFO extract_candidates:read_all_files: tailwindcss_oxide::scanner: exit
2025-11-24T14:09:20.351207Z  INFO extract_candidates:extract_css_variables: tailwindcss_oxide::scanner: enter
2025-11-24T14:09:20.351215Z  INFO extract_candidates:extract_css_variables:extract: tailwindcss_oxide::scanner: enter
2025-11-24T14:09:20.351495Z  INFO extract_candidates:extract_css_variables:extract: tailwindcss_oxide::scanner: exit
2025-11-24T14:09:20.351535Z  INFO extract_candidates:extract_css_variables: tailwindcss_oxide::scanner: exit
2025-11-24T14:09:20.352236Z  INFO extract_candidates: tailwindcss_oxide::scanner: exit
2025-11-24T14:09:20.353112Z  INFO get_files: tailwindcss_oxide::scanner: enter
2025-11-24T14:09:20.353164Z  INFO get_files:scan_sources: tailwindcss_oxide::scanner: enter
2025-11-24T14:09:20.356989Z  INFO get_files:scan_sources: tailwindcss_oxide::scanner: Discovering "D:\\VSK\\EntropyLabs\\FINDMYSTUFF\\build-log.txt"
2025-11-24T14:09:20.358108Z  INFO get_files:scan_sources: tailwindcss_oxide::scanner: Discovering "D:\\VSK\\EntropyLabs\\FINDMYSTUFF\\public"
2025-11-24T14:09:20.359275Z  INFO get_files:scan_sources: tailwindcss_oxide::scanner: Discovering "D:\\VSK\\EntropyLabs\\FINDMYSTUFF\\src"
2025-11-24T14:09:20.359724Z  INFO get_files:scan_sources: tailwindcss_oxide::scanner: Discovering "D:\\VSK\\EntropyLabs\\FINDMYSTUFF\\src\\app"
2025-11-24T14:09:20.360078Z  INFO get_files:scan_sources: tailwindcss_oxide::scanner: Discovering "D:\\VSK\\EntropyLabs\\FINDMYSTUFF\\src\\app\\api"
2025-11-24T14:09:20.360423Z  INFO get_files:scan_sources: tailwindcss_oxide::scanner: Discovering "D:\\VSK\\EntropyLabs\\FINDMYSTUFF\\src\\app\\api\\auth"
2025-11-24T14:09:20.360758Z  INFO get_files:scan_sources: tailwindcss_oxide::scanner: Discovering "D:\\VSK\\EntropyLabs\\FINDMYSTUFF\\src\\app\\api\\auth\\[...nextauth]"
2025-11-24T14:09:20.361278Z  INFO get_files:scan_sources: tailwindcss_oxide::scanner: Discovering "D:\\VSK\\EntropyLabs\\FINDMYSTUFF\\src\\app\\api\\posts"
2025-11-24T14:09:20.361713Z  INFO get_files:scan_sources: tailwindcss_oxide::scanner: Discovering "D:\\VSK\\EntropyLabs\\FINDMYSTUFF\\src\\app\\api\\posts\\[id]"
2025-11-24T14:09:20.362254Z  INFO get_files:scan_sources: tailwindcss_oxide::scanner: Discovering "D:\\VSK\\EntropyLabs\\FINDMYSTUFF\\src\\app\\feed"
2025-11-24T14:09:20.362651Z  INFO get_files:scan_sources: tailwindcss_oxide::scanner: Discovering "D:\\VSK\\EntropyLabs\\FINDMYSTUFF\\src\\app\\feed\\[id]"
2025-11-24T14:09:20.363421Z  INFO get_files:scan_sources: tailwindcss_oxide::scanner: Discovering "D:\\VSK\\EntropyLabs\\FINDMYSTUFF\\src\\app\\offline"
2025-11-24T14:09:20.363947Z  INFO get_files:scan_sources: tailwindcss_oxide::scanner: Discovering "D:\\VSK\\EntropyLabs\\FINDMYSTUFF\\src\\app\\report"
2025-11-24T14:09:20.364444Z  INFO get_files:scan_sources: tailwindcss_oxide::scanner: Discovering "D:\\VSK\\EntropyLabs\\FINDMYSTUFF\\src\\components"
2025-11-24T14:09:20.364969Z  INFO get_files:scan_sources: tailwindcss_oxide::scanner: Discovering "D:\\VSK\\EntropyLabs\\FINDMYSTUFF\\src\\components\\map"
2025-11-24T14:09:20.366368Z  INFO get_files:scan_sources: tailwindcss_oxide::scanner: Discovering "D:\\VSK\\EntropyLabs\\FINDMYSTUFF\\src\\components\\ui"
2025-11-24T14:09:20.367253Z  INFO get_files:scan_sources: tailwindcss_oxide::scanner: Discovering "D:\\VSK\\EntropyLabs\\FINDMYSTUFF\\src\\hooks"
2025-11-24T14:09:20.367865Z  INFO get_files:scan_sources: tailwindcss_oxide::scanner: Discovering "D:\\VSK\\EntropyLabs\\FINDMYSTUFF\\src\\lib"
2025-11-24T14:09:20.368753Z  INFO get_files:scan_sources: tailwindcss_oxide::scanner: Discovering "D:\\VSK\\EntropyLabs\\FINDMYSTUFF\\src\\models"
2025-11-24T14:09:20.369491Z  INFO get_files:scan_sources: tailwindcss_oxide::scanner: exit
2025-11-24T14:09:20.369653Z  INFO get_files: tailwindcss_oxide::scanner: exit
2025-11-24T14:09:20.370092Z  INFO get_globs: tailwindcss_oxide::scanner: enter
2025-11-24T14:09:20.370159Z  INFO get_globs:scan_sources: tailwindcss_oxide::scanner: enter
2025-11-24T14:09:20.374918Z  INFO get_globs:scan_sources: tailwindcss_oxide::scanner: Discovering "D:\\VSK\\EntropyLabs\\FINDMYSTUFF\\build-log.txt"
2025-11-24T14:09:20.376170Z  INFO get_globs:scan_sources: tailwindcss_oxide::scanner: Discovering "D:\\VSK\\EntropyLabs\\FINDMYSTUFF\\public"
2025-11-24T14:09:20.377362Z  INFO get_globs:scan_sources: tailwindcss_oxide::scanner: Discovering "D:\\VSK\\EntropyLabs\\FINDMYSTUFF\\src"
2025-11-24T14:09:20.377761Z  INFO get_globs:scan_sources: tailwindcss_oxide::scanner: Discovering "D:\\VSK\\EntropyLabs\\FINDMYSTUFF\\src\\app"
2025-11-24T14:09:20.378150Z  INFO get_globs:scan_sources: tailwindcss_oxide::scanner: Discovering "D:\\VSK\\EntropyLabs\\FINDMYSTUFF\\src\\app\\api"
2025-11-24T14:09:20.378528Z  INFO get_globs:scan_sources: tailwindcss_oxide::scanner: Discovering "D:\\VSK\\EntropyLabs\\FINDMYSTUFF\\src\\app\\api\\auth"
2025-11-24T14:09:20.378862Z  INFO get_globs:scan_sources: tailwindcss_oxide::scanner: Discovering "D:\\VSK\\EntropyLabs\\FINDMYSTUFF\\src\\app\\api\\auth\\[...nextauth]"
2025-11-24T14:09:20.379498Z  INFO get_globs:scan_sources: tailwindcss_oxide::scanner: Discovering "D:\\VSK\\EntropyLabs\\FINDMYSTUFF\\src\\app\\api\\posts"
2025-11-24T14:09:20.379937Z  INFO get_globs:scan_sources: tailwindcss_oxide::scanner: Discovering "D:\\VSK\\EntropyLabs\\FINDMYSTUFF\\src\\app\\api\\posts\\[id]"
2025-11-24T14:09:20.380529Z  INFO get_globs:scan_sources: tailwindcss_oxide::scanner: Discovering "D:\\VSK\\EntropyLabs\\FINDMYSTUFF\\src\\app\\feed"
2025-11-24T14:09:20.381062Z  INFO get_globs:scan_sources: tailwindcss_oxide::scanner: Discovering "D:\\VSK\\EntropyLabs\\FINDMYSTUFF\\src\\app\\feed\\[id]"
2025-11-24T14:09:20.381903Z  INFO get_globs:scan_sources: tailwindcss_oxide::scanner: Discovering "D:\\VSK\\EntropyLabs\\FINDMYSTUFF\\src\\app\\offline"
2025-11-24T14:09:20.382650Z  INFO get_globs:scan_sources: tailwindcss_oxide::scanner: Discovering "D:\\VSK\\EntropyLabs\\FINDMYSTUFF\\src\\app\\report"
2025-11-24T14:09:20.383377Z  INFO get_globs:scan_sources: tailwindcss_oxide::scanner: Discovering "D:\\VSK\\EntropyLabs\\FINDMYSTUFF\\src\\components"
2025-11-24T14:09:20.384104Z  INFO get_globs:scan_sources: tailwindcss_oxide::scanner: Discovering "D:\\VSK\\EntropyLabs\\FINDMYSTUFF\\src\\components\\map"
2025-11-24T14:09:20.385183Z  INFO get_globs:scan_sources: tailwindcss_oxide::scanner: Discovering "D:\\VSK\\EntropyLabs\\FINDMYSTUFF\\src\\components\\ui"
2025-11-24T14:09:20.385862Z  INFO get_globs:scan_sources: tailwindcss_oxide::scanner: Discovering "D:\\VSK\\EntropyLabs\\FINDMYSTUFF\\src\\hooks"
2025-11-24T14:09:20.386486Z  INFO get_globs:scan_sources: tailwindcss_oxide::scanner: Discovering "D:\\VSK\\EntropyLabs\\FINDMYSTUFF\\src\\lib"
2025-11-24T14:09:20.386933Z  INFO get_globs:scan_sources: tailwindcss_oxide::scanner: Discovering "D:\\VSK\\EntropyLabs\\FINDMYSTUFF\\src\\models"
2025-11-24T14:09:20.387572Z  INFO get_globs:scan_sources: tailwindcss_oxide::scanner: exit
2025-11-24T14:09:20.396916Z  INFO get_globs: tailwindcss_oxide::scanner: exit
