2025-11-24T14:08:58.075349Z  INFO tailwindcss_oxide::scanner: Provided sources:
2025-11-24T14:08:58.075772Z  INFO tailwindcss_oxide::scanner: Source: PublicSourceEntry { base: "D:\\VSK\\EntropyLabs\\FINDMYSTUFF", pattern: "**/*", negated: false }
2025-11-24T14:08:58.076885Z  INFO tailwindcss_oxide::scanner: Optimized sources:
2025-11-24T14:08:58.076921Z  INFO tailwindcss_oxide::scanner: Source: Auto { base: "D:\\VSK\\EntropyLabs\\FINDMYSTUFF" }
2025-11-24T14:08:58.079728Z  INFO scan_sources: tailwindcss_oxide::scanner: enter
2025-11-24T14:08:58.082263Z  INFO scan_sources: tailwindcss_oxide::scanner: Discovering "D:\\VSK\\EntropyLabs\\FINDMYSTUFF\\env_template.txt"
2025-11-24T14:08:58.082412Z  INFO scan_sources: tailwindcss_oxide::scanner: Discovering "D:\\VSK\\EntropyLabs\\FINDMYSTUFF\\eslint.config.mjs"
2025-11-24T14:08:58.082846Z  INFO scan_sources: tailwindcss_oxide::scanner: Discovering "D:\\VSK\\EntropyLabs\\FINDMYSTUFF\\next.config.mjs"
2025-11-24T14:08:58.083177Z  INFO scan_sources: tailwindcss_oxide::scanner: Discovering "D:\\VSK\\EntropyLabs\\FINDMYSTUFF\\package.json"
2025-11-24T14:08:58.083271Z  INFO scan_sources: tailwindcss_oxide::scanner: Discovering "D:\\VSK\\EntropyLabs\\FINDMYSTUFF\\postcss.config.mjs"
2025-11-24T14:08:58.083400Z  INFO scan_sources: tailwindcss_oxide::scanner: Discovering "D:\\VSK\\EntropyLabs\\FINDMYSTUFF\\public"
2025-11-24T14:08:58.083574Z  INFO scan_sources: tailwindcss_oxide::scanner: Discovering "D:\\VSK\\EntropyLabs\\FINDMYSTUFF\\public\\file.svg"
2025-11-24T14:08:58.083656Z  INFO scan_sources: tailwindcss_oxide::scanner: Discovering "D:\\VSK\\EntropyLabs\\FINDMYSTUFF\\public\\globe.svg"
2025-11-24T14:08:58.083748Z  INFO scan_sources: tailwindcss_oxide::scanner: Discovering "D:\\VSK\\EntropyLabs\\FINDMYSTUFF\\public\\manifest.json"
2025-11-24T14:08:58.083850Z  INFO scan_sources: tailwindcss_oxide::scanner: Discovering "D:\\VSK\\EntropyLabs\\FINDMYSTUFF\\public\\next.svg"
2025-11-24T14:08:58.083934Z  INFO scan_sources: tailwindcss_oxide::scanner: Discovering "D:\\VSK\\EntropyLabs\\FINDMYSTUFF\\public\\vercel.svg"
2025-11-24T14:08:58.084014Z  INFO scan_sources: tailwindcss_oxide::scanner: Discovering "D:\\VSK\\EntropyLabs\\FINDMYSTUFF\\public\\window.svg"
2025-11-24T14:08:58.084133Z  INFO scan_sources: tailwindcss_oxide::scanner: Discovering "D:\\VSK\\EntropyLabs\\FINDMYSTUFF\\README.md"
2025-11-24T14:08:58.084228Z  INFO scan_sources: tailwindcss_oxide::scanner: Discovering "D:\\VSK\\EntropyLabs\\FINDMYSTUFF\\setup_instructions.md"
2025-11-24T14:08:58.084362Z  INFO scan_sources: tailwindcss_oxide::scanner: Discovering "D:\\VSK\\EntropyLabs\\FINDMYSTUFF\\src"
2025-11-24T14:08:58.084589Z  INFO scan_sources: tailwindcss_oxide::scanner: Discovering "D:\\VSK\\EntropyLabs\\FINDMYSTUFF\\src\\app"
2025-11-24T14:08:58.084797Z  INFO scan_sources: tailwindcss_oxide::scanner: Discovering "D:\\VSK\\EntropyLabs\\FINDMYSTUFF\\src\\app\\api"
2025-11-24T14:08:58.085018Z  INFO scan_sources: tailwindcss_oxide::scanner: Discovering "D:\\VSK\\EntropyLabs\\FINDMYSTUFF\\src\\app\\api\\auth"
2025-11-24T14:08:58.085228Z  INFO scan_sources: tailwindcss_oxide::scanner: Discovering "D:\\VSK\\EntropyLabs\\FINDMYSTUFF\\src\\app\\api\\auth\\[...nextauth]"
2025-11-24T14:08:58.085426Z  INFO scan_sources: tailwindcss_oxide::scanner: Discovering "D:\\VSK\\EntropyLabs\\FINDMYSTUFF\\src\\app\\api\\auth\\[...nextauth]\\route.ts"
2025-11-24T14:08:58.085605Z  INFO scan_sources: tailwindcss_oxide::scanner: Discovering "D:\\VSK\\EntropyLabs\\FINDMYSTUFF\\src\\app\\api\\posts"
2025-11-24T14:08:58.085778Z  INFO scan_sources: tailwindcss_oxide::scanner: Discovering "D:\\VSK\\EntropyLabs\\FINDMYSTUFF\\src\\app\\api\\posts\\route.ts"
2025-11-24T14:08:58.085902Z  INFO scan_sources: tailwindcss_oxide::scanner: Discovering "D:\\VSK\\EntropyLabs\\FINDMYSTUFF\\src\\app\\api\\posts\\[id]"
2025-11-24T14:08:58.086064Z  INFO scan_sources: tailwindcss_oxide::scanner: Discovering "D:\\VSK\\EntropyLabs\\FINDMYSTUFF\\src\\app\\api\\posts\\[id]\\route.ts"
2025-11-24T14:08:58.086359Z  INFO scan_sources: tailwindcss_oxide::scanner: Discovering "D:\\VSK\\EntropyLabs\\FINDMYSTUFF\\src\\app\\feed"
2025-11-24T14:08:58.086791Z  INFO scan_sources: tailwindcss_oxide::scanner: Discovering "D:\\VSK\\EntropyLabs\\FINDMYSTUFF\\src\\app\\feed\\feed-content.tsx"
2025-11-24T14:08:58.086965Z  INFO scan_sources: tailwindcss_oxide::scanner: Discovering "D:\\VSK\\EntropyLabs\\FINDMYSTUFF\\src\\app\\feed\\page.tsx"
2025-11-24T14:08:58.087201Z  INFO scan_sources: tailwindcss_oxide::scanner: Discovering "D:\\VSK\\EntropyLabs\\FINDMYSTUFF\\src\\app\\feed\\[id]"
2025-11-24T14:08:58.087419Z  INFO scan_sources: tailwindcss_oxide::scanner: Discovering "D:\\VSK\\EntropyLabs\\FINDMYSTUFF\\src\\app\\feed\\[id]\\page.tsx"
2025-11-24T14:08:58.087505Z  INFO scan_sources: tailwindcss_oxide::scanner: Discovering "D:\\VSK\\EntropyLabs\\FINDMYSTUFF\\src\\app\\feed\\[id]\\PostDetailClient.tsx"
2025-11-24T14:08:58.087695Z  INFO scan_sources: tailwindcss_oxide::scanner: Discovering "D:\\VSK\\EntropyLabs\\FINDMYSTUFF\\src\\app\\globals.css"
2025-11-24T14:08:58.087786Z  INFO scan_sources: tailwindcss_oxide::scanner: Discovering "D:\\VSK\\EntropyLabs\\FINDMYSTUFF\\src\\app\\layout.tsx"
2025-11-24T14:08:58.087932Z  INFO scan_sources: tailwindcss_oxide::scanner: Discovering "D:\\VSK\\EntropyLabs\\FINDMYSTUFF\\src\\app\\offline"
2025-11-24T14:08:58.088112Z  INFO scan_sources: tailwindcss_oxide::scanner: Discovering "D:\\VSK\\EntropyLabs\\FINDMYSTUFF\\src\\app\\offline\\page.tsx"
2025-11-24T14:08:58.088224Z  INFO scan_sources: tailwindcss_oxide::scanner: Discovering "D:\\VSK\\EntropyLabs\\FINDMYSTUFF\\src\\app\\page.tsx"
2025-11-24T14:08:58.088352Z  INFO scan_sources: tailwindcss_oxide::scanner: Discovering "D:\\VSK\\EntropyLabs\\FINDMYSTUFF\\src\\app\\report"
2025-11-24T14:08:58.088772Z  INFO scan_sources: tailwindcss_oxide::scanner: Discovering "D:\\VSK\\EntropyLabs\\FINDMYSTUFF\\src\\app\\report\\page.tsx"
2025-11-24T14:08:58.089099Z  INFO scan_sources: tailwindcss_oxide::scanner: Discovering "D:\\VSK\\EntropyLabs\\FINDMYSTUFF\\src\\components"
2025-11-24T14:08:58.089399Z  INFO scan_sources: tailwindcss_oxide::scanner: Discovering "D:\\VSK\\EntropyLabs\\FINDMYSTUFF\\src\\components\\ConfirmDialog.tsx"
2025-11-24T14:08:58.089509Z  INFO scan_sources: tailwindcss_oxide::scanner: Discovering "D:\\VSK\\EntropyLabs\\FINDMYSTUFF\\src\\components\\FilterBar.tsx"
2025-11-24T14:08:58.089622Z  INFO scan_sources: tailwindcss_oxide::scanner: Discovering "D:\\VSK\\EntropyLabs\\FINDMYSTUFF\\src\\components\\InstallPrompt.tsx"
2025-11-24T14:08:58.089793Z  INFO scan_sources: tailwindcss_oxide::scanner: Discovering "D:\\VSK\\EntropyLabs\\FINDMYSTUFF\\src\\components\\map"
2025-11-24T14:08:58.090025Z  INFO scan_sources: tailwindcss_oxide::scanner: Discovering "D:\\VSK\\EntropyLabs\\FINDMYSTUFF\\src\\components\\map\\Map.tsx"
2025-11-24T14:08:58.090118Z  INFO scan_sources: tailwindcss_oxide::scanner: Discovering "D:\\VSK\\EntropyLabs\\FINDMYSTUFF\\src\\components\\map\\MapPicker.tsx"
2025-11-24T14:08:58.090202Z  INFO scan_sources: tailwindcss_oxide::scanner: Discovering "D:\\VSK\\EntropyLabs\\FINDMYSTUFF\\src\\components\\map\\PostMap.tsx"
2025-11-24T14:08:58.090320Z  INFO scan_sources: tailwindcss_oxide::scanner: Discovering "D:\\VSK\\EntropyLabs\\FINDMYSTUFF\\src\\components\\post-card.tsx"
2025-11-24T14:08:58.090408Z  INFO scan_sources: tailwindcss_oxide::scanner: Discovering "D:\\VSK\\EntropyLabs\\FINDMYSTUFF\\src\\components\\post-form.tsx"
2025-11-24T14:08:58.090521Z  INFO scan_sources: tailwindcss_oxide::scanner: Discovering "D:\\VSK\\EntropyLabs\\FINDMYSTUFF\\src\\components\\Providers.tsx"
2025-11-24T14:08:58.090628Z  INFO scan_sources: tailwindcss_oxide::scanner: Discovering "D:\\VSK\\EntropyLabs\\FINDMYSTUFF\\src\\components\\SearchInput.tsx"
2025-11-24T14:08:58.090785Z  INFO scan_sources: tailwindcss_oxide::scanner: Discovering "D:\\VSK\\EntropyLabs\\FINDMYSTUFF\\src\\components\\ui"
2025-11-24T14:08:58.090984Z  INFO scan_sources: tailwindcss_oxide::scanner: Discovering "D:\\VSK\\EntropyLabs\\FINDMYSTUFF\\src\\components\\ui\\button.tsx"
2025-11-24T14:08:58.091235Z  INFO scan_sources: tailwindcss_oxide::scanner: Discovering "D:\\VSK\\EntropyLabs\\FINDMYSTUFF\\src\\hooks"
2025-11-24T14:08:58.091513Z  INFO scan_sources: tailwindcss_oxide::scanner: Discovering "D:\\VSK\\EntropyLabs\\FINDMYSTUFF\\src\\hooks\\useDebounce.ts"
2025-11-24T14:08:58.091691Z  INFO scan_sources: tailwindcss_oxide::scanner: Discovering "D:\\VSK\\EntropyLabs\\FINDMYSTUFF\\src\\lib"
2025-11-24T14:08:58.091867Z  INFO scan_sources: tailwindcss_oxide::scanner: Discovering "D:\\VSK\\EntropyLabs\\FINDMYSTUFF\\src\\lib\\db.ts"
2025-11-24T14:08:58.092046Z  INFO scan_sources: tailwindcss_oxide::scanner: Discovering "D:\\VSK\\EntropyLabs\\FINDMYSTUFF\\src\\models"
2025-11-24T14:08:58.092232Z  INFO scan_sources: tailwindcss_oxide::scanner: Discovering "D:\\VSK\\EntropyLabs\\FINDMYSTUFF\\src\\models\\Post.ts"
2025-11-24T14:08:58.092315Z  INFO scan_sources: tailwindcss_oxide::scanner: Discovering "D:\\VSK\\EntropyLabs\\FINDMYSTUFF\\src\\models\\User.ts"
2025-11-24T14:08:58.092476Z  INFO scan_sources: tailwindcss_oxide::scanner: Discovering "D:\\VSK\\EntropyLabs\\FINDMYSTUFF\\tsconfig.json"
2025-11-24T14:08:58.092621Z  INFO scan_sources: tailwindcss_oxide::scanner: exit
2025-11-24T14:08:58.092641Z  INFO extract_candidates: tailwindcss_oxide::scanner: enter
2025-11-24T14:08:58.092655Z  INFO extract_candidates:read_all_files: tailwindcss_oxide::scanner: enter
2025-11-24T14:08:58.092663Z  INFO extract_candidates:read_all_files: tailwindcss_oxide::scanner: Reading 40 file(s)
2025-11-24T14:08:58.093449Z  INFO tailwindcss_oxide::scanner: Reading "D:\\VSK\\EntropyLabs\\FINDMYSTUFF\\env_template.txt"
2025-11-24T14:08:58.093457Z  INFO tailwindcss_oxide::scanner: Reading "D:\\VSK\\EntropyLabs\\FINDMYSTUFF\\public\\window.svg"
2025-11-24T14:08:58.093435Z  INFO tailwindcss_oxide::scanner: Reading "D:\\VSK\\EntropyLabs\\FINDMYSTUFF\\src\\app\\layout.tsx"
2025-11-24T14:08:58.093495Z  INFO tailwindcss_oxide::scanner: Reading "D:\\VSK\\EntropyLabs\\FINDMYSTUFF\\src\\app\\api\\posts\\[id]\\route.ts"
2025-11-24T14:08:58.093577Z  INFO tailwindcss_oxide::scanner: Reading "D:\\VSK\\EntropyLabs\\FINDMYSTUFF\\public\\file.svg"
2025-11-24T14:08:58.093663Z  INFO tailwindcss_oxide::scanner: Reading "D:\\VSK\\EntropyLabs\\FINDMYSTUFF\\eslint.config.mjs"
2025-11-24T14:08:58.093666Z  INFO tailwindcss_oxide::scanner: Reading "D:\\VSK\\EntropyLabs\\FINDMYSTUFF\\README.md"
2025-11-24T14:08:58.093679Z  INFO tailwindcss_oxide::scanner: Reading "D:\\VSK\\EntropyLabs\\FINDMYSTUFF\\src\\app\\offline\\page.tsx"
2025-11-24T14:08:58.093711Z  INFO tailwindcss_oxide::scanner: Reading "D:\\VSK\\EntropyLabs\\FINDMYSTUFF\\src\\app\\feed\\feed-content.tsx"
2025-11-24T14:08:58.093724Z  INFO tailwindcss_oxide::scanner: Reading "D:\\VSK\\EntropyLabs\\FINDMYSTUFF\\public\\globe.svg"
2025-11-24T14:08:58.093789Z  INFO tailwindcss_oxide::scanner: Reading "D:\\VSK\\EntropyLabs\\FINDMYSTUFF\\next.config.mjs"
2025-11-24T14:08:58.093819Z  INFO tailwindcss_oxide::scanner: Reading "D:\\VSK\\EntropyLabs\\FINDMYSTUFF\\src\\app\\page.tsx"
2025-11-24T14:08:58.093863Z  INFO tailwindcss_oxide::scanner: Reading "D:\\VSK\\EntropyLabs\\FINDMYSTUFF\\setup_instructions.md"
2025-11-24T14:08:58.093883Z  INFO tailwindcss_oxide::scanner: Reading "D:\\VSK\\EntropyLabs\\FINDMYSTUFF\\public\\manifest.json"
2025-11-24T14:08:58.093901Z  INFO tailwindcss_oxide::scanner: Reading "D:\\VSK\\EntropyLabs\\FINDMYSTUFF\\src\\app\\feed\\page.tsx"
2025-11-24T14:08:58.093900Z  INFO tailwindcss_oxide::scanner: Reading "D:\\VSK\\EntropyLabs\\FINDMYSTUFF\\package.json"
2025-11-24T14:08:58.093957Z  INFO tailwindcss_oxide::scanner: Reading "D:\\VSK\\EntropyLabs\\FINDMYSTUFF\\src\\app\\report\\page.tsx"
2025-11-24T14:08:58.094005Z  INFO tailwindcss_oxide::scanner: Reading "D:\\VSK\\EntropyLabs\\FINDMYSTUFF\\src\\app\\api\\auth\\[...nextauth]\\route.ts"
2025-11-24T14:08:58.094025Z  INFO tailwindcss_oxide::scanner: Reading "D:\\VSK\\EntropyLabs\\FINDMYSTUFF\\src\\app\\feed\\[id]\\page.tsx"
2025-11-24T14:08:58.094027Z  INFO tailwindcss_oxide::scanner: Reading "D:\\VSK\\EntropyLabs\\FINDMYSTUFF\\public\\next.svg"
2025-11-24T14:08:58.094051Z  INFO tailwindcss_oxide::scanner: Reading "D:\\VSK\\EntropyLabs\\FINDMYSTUFF\\postcss.config.mjs"
2025-11-24T14:08:58.094092Z  INFO tailwindcss_oxide::scanner: Reading "D:\\VSK\\EntropyLabs\\FINDMYSTUFF\\src\\components\\ConfirmDialog.tsx"
2025-11-24T14:08:58.094156Z  INFO tailwindcss_oxide::scanner: Reading "D:\\VSK\\EntropyLabs\\FINDMYSTUFF\\src\\app\\feed\\[id]\\PostDetailClient.tsx"
2025-11-24T14:08:58.094157Z  INFO tailwindcss_oxide::scanner: Reading "D:\\VSK\\EntropyLabs\\FINDMYSTUFF\\src\\app\\api\\posts\\route.ts"
2025-11-24T14:08:58.094180Z  INFO tailwindcss_oxide::scanner: Reading "D:\\VSK\\EntropyLabs\\FINDMYSTUFF\\src\\components\\post-card.tsx"
2025-11-24T14:08:58.094241Z  INFO tailwindcss_oxide::scanner: Reading "D:\\VSK\\EntropyLabs\\FINDMYSTUFF\\src\\components\\FilterBar.tsx"
2025-11-24T14:08:58.094288Z  INFO tailwindcss_oxide::scanner: Reading "D:\\VSK\\EntropyLabs\\FINDMYSTUFF\\src\\hooks\\useDebounce.ts"
2025-11-24T14:08:58.094301Z  INFO tailwindcss_oxide::scanner: Reading "D:\\VSK\\EntropyLabs\\FINDMYSTUFF\\src\\models\\Post.ts"
2025-11-24T14:08:58.094305Z  INFO tailwindcss_oxide::scanner: Reading "D:\\VSK\\EntropyLabs\\FINDMYSTUFF\\src\\components\\post-form.tsx"
2025-11-24T14:08:58.094358Z  INFO tailwindcss_oxide::scanner: Reading "D:\\VSK\\EntropyLabs\\FINDMYSTUFF\\src\\components\\InstallPrompt.tsx"
2025-11-24T14:08:58.094420Z  INFO tailwindcss_oxide::scanner: Reading "D:\\VSK\\EntropyLabs\\FINDMYSTUFF\\src\\lib\\db.ts"
2025-11-24T14:08:58.094424Z  INFO tailwindcss_oxide::scanner: Reading "D:\\VSK\\EntropyLabs\\FINDMYSTUFF\\src\\models\\User.ts"
2025-11-24T14:08:58.094429Z  INFO tailwindcss_oxide::scanner: Reading "D:\\VSK\\EntropyLabs\\FINDMYSTUFF\\src\\components\\Providers.tsx"
2025-11-24T14:08:58.094168Z  INFO tailwindcss_oxide::scanner: Reading "D:\\VSK\\EntropyLabs\\FINDMYSTUFF\\public\\vercel.svg"
2025-11-24T14:08:58.094501Z  INFO tailwindcss_oxide::scanner: Reading "D:\\VSK\\EntropyLabs\\FINDMYSTUFF\\tsconfig.json"
2025-11-24T14:08:58.094424Z  INFO tailwindcss_oxide::scanner: Reading "D:\\VSK\\EntropyLabs\\FINDMYSTUFF\\src\\components\\map\\Map.tsx"
2025-11-24T14:08:58.094551Z  INFO tailwindcss_oxide::scanner: Reading "D:\\VSK\\EntropyLabs\\FINDMYSTUFF\\src\\components\\map\\PostMap.tsx"
2025-11-24T14:08:58.094551Z  INFO tailwindcss_oxide::scanner: Reading "D:\\VSK\\EntropyLabs\\FINDMYSTUFF\\src\\components\\map\\MapPicker.tsx"
2025-11-24T14:08:58.094572Z  INFO tailwindcss_oxide::scanner: Reading "D:\\VSK\\EntropyLabs\\FINDMYSTUFF\\src\\components\\SearchInput.tsx"
2025-11-24T14:08:58.094622Z  INFO tailwindcss_oxide::scanner: Reading "D:\\VSK\\EntropyLabs\\FINDMYSTUFF\\src\\components\\ui\\button.tsx"
2025-11-24T14:08:58.094759Z  INFO extract_candidates:read_all_files: tailwindcss_oxide::scanner: exit
2025-11-24T14:08:58.094796Z  INFO extract_candidates:parse_all_blobs: tailwindcss_oxide::scanner: enter
2025-11-24T14:08:58.094805Z  INFO extract_candidates:parse_all_blobs:extract: tailwindcss_oxide::scanner: enter
2025-11-24T14:08:58.095994Z  INFO extract_candidates:parse_all_blobs:extract: tailwindcss_oxide::scanner: exit
2025-11-24T14:08:58.096060Z  INFO extract_candidates:parse_all_blobs: tailwindcss_oxide::scanner: exit
2025-11-24T14:08:58.096070Z  INFO extract_candidates:read_all_files: tailwindcss_oxide::scanner: enter
2025-11-24T14:08:58.096076Z  INFO extract_candidates:read_all_files: tailwindcss_oxide::scanner: Reading 1 file(s)
2025-11-24T14:08:58.096312Z  INFO extract_candidates:read_all_files: tailwindcss_oxide::scanner: Reading "D:\\VSK\\EntropyLabs\\FINDMYSTUFF\\src\\app\\globals.css"
2025-11-24T14:08:58.096339Z  INFO extract_candidates:read_all_files: tailwindcss_oxide::scanner: exit
2025-11-24T14:08:58.096353Z  INFO extract_candidates:extract_css_variables: tailwindcss_oxide::scanner: enter
2025-11-24T14:08:58.096360Z  INFO extract_candidates:extract_css_variables:extract: tailwindcss_oxide::scanner: enter
2025-11-24T14:08:58.096530Z  INFO extract_candidates:extract_css_variables:extract: tailwindcss_oxide::scanner: exit
2025-11-24T14:08:58.096557Z  INFO extract_candidates:extract_css_variables: tailwindcss_oxide::scanner: exit
2025-11-24T14:08:58.097297Z  INFO extract_candidates: tailwindcss_oxide::scanner: exit
2025-11-24T14:08:58.097969Z  INFO get_files: tailwindcss_oxide::scanner: enter
2025-11-24T14:08:58.097999Z  INFO get_files:scan_sources: tailwindcss_oxide::scanner: enter
2025-11-24T14:08:58.101101Z  INFO get_files:scan_sources: tailwindcss_oxide::scanner: Discovering "D:\\VSK\\EntropyLabs\\FINDMYSTUFF\\public"
2025-11-24T14:08:58.102339Z  INFO get_files:scan_sources: tailwindcss_oxide::scanner: Discovering "D:\\VSK\\EntropyLabs\\FINDMYSTUFF\\src"
2025-11-24T14:08:58.102896Z  INFO get_files:scan_sources: tailwindcss_oxide::scanner: Discovering "D:\\VSK\\EntropyLabs\\FINDMYSTUFF\\src\\app"
2025-11-24T14:08:58.103427Z  INFO get_files:scan_sources: tailwindcss_oxide::scanner: Discovering "D:\\VSK\\EntropyLabs\\FINDMYSTUFF\\src\\app\\api"
2025-11-24T14:08:58.103818Z  INFO get_files:scan_sources: tailwindcss_oxide::scanner: Discovering "D:\\VSK\\EntropyLabs\\FINDMYSTUFF\\src\\app\\api\\auth"
2025-11-24T14:08:58.104303Z  INFO get_files:scan_sources: tailwindcss_oxide::scanner: Discovering "D:\\VSK\\EntropyLabs\\FINDMYSTUFF\\src\\app\\api\\auth\\[...nextauth]"
2025-11-24T14:08:58.104712Z  INFO get_files:scan_sources: tailwindcss_oxide::scanner: Discovering "D:\\VSK\\EntropyLabs\\FINDMYSTUFF\\src\\app\\api\\posts"
2025-11-24T14:08:58.105165Z  INFO get_files:scan_sources: tailwindcss_oxide::scanner: Discovering "D:\\VSK\\EntropyLabs\\FINDMYSTUFF\\src\\app\\api\\posts\\[id]"
2025-11-24T14:08:58.105782Z  INFO get_files:scan_sources: tailwindcss_oxide::scanner: Discovering "D:\\VSK\\EntropyLabs\\FINDMYSTUFF\\src\\app\\feed"
2025-11-24T14:08:58.106376Z  INFO get_files:scan_sources: tailwindcss_oxide::scanner: Discovering "D:\\VSK\\EntropyLabs\\FINDMYSTUFF\\src\\app\\feed\\[id]"
2025-11-24T14:08:58.107161Z  INFO get_files:scan_sources: tailwindcss_oxide::scanner: Discovering "D:\\VSK\\EntropyLabs\\FINDMYSTUFF\\src\\app\\offline"
2025-11-24T14:08:58.107666Z  INFO get_files:scan_sources: tailwindcss_oxide::scanner: Discovering "D:\\VSK\\EntropyLabs\\FINDMYSTUFF\\src\\app\\report"
2025-11-24T14:08:58.108239Z  INFO get_files:scan_sources: tailwindcss_oxide::scanner: Discovering "D:\\VSK\\EntropyLabs\\FINDMYSTUFF\\src\\components"
2025-11-24T14:08:58.108765Z  INFO get_files:scan_sources: tailwindcss_oxide::scanner: Discovering "D:\\VSK\\EntropyLabs\\FINDMYSTUFF\\src\\components\\map"
2025-11-24T14:08:58.109488Z  INFO get_files:scan_sources: tailwindcss_oxide::scanner: Discovering "D:\\VSK\\EntropyLabs\\FINDMYSTUFF\\src\\components\\ui"
2025-11-24T14:08:58.109900Z  INFO get_files:scan_sources: tailwindcss_oxide::scanner: Discovering "D:\\VSK\\EntropyLabs\\FINDMYSTUFF\\src\\hooks"
2025-11-24T14:08:58.110234Z  INFO get_files:scan_sources: tailwindcss_oxide::scanner: Discovering "D:\\VSK\\EntropyLabs\\FINDMYSTUFF\\src\\lib"
2025-11-24T14:08:58.110541Z  INFO get_files:scan_sources: tailwindcss_oxide::scanner: Discovering "D:\\VSK\\EntropyLabs\\FINDMYSTUFF\\src\\models"
2025-11-24T14:08:58.110990Z  INFO get_files:scan_sources: tailwindcss_oxide::scanner: exit
2025-11-24T14:08:58.111132Z  INFO get_files: tailwindcss_oxide::scanner: exit
2025-11-24T14:08:58.111521Z  INFO get_globs: tailwindcss_oxide::scanner: enter
2025-11-24T14:08:58.111545Z  INFO get_globs:scan_sources: tailwindcss_oxide::scanner: enter
2025-11-24T14:08:58.114910Z  INFO get_globs:scan_sources: tailwindcss_oxide::scanner: Discovering "D:\\VSK\\EntropyLabs\\FINDMYSTUFF\\public"
2025-11-24T14:08:58.115858Z  INFO get_globs:scan_sources: tailwindcss_oxide::scanner: Discovering "D:\\VSK\\EntropyLabs\\FINDMYSTUFF\\src"
2025-11-24T14:08:58.116183Z  INFO get_globs:scan_sources: tailwindcss_oxide::scanner: Discovering "D:\\VSK\\EntropyLabs\\FINDMYSTUFF\\src\\app"
2025-11-24T14:08:58.116515Z  INFO get_globs:scan_sources: tailwindcss_oxide::scanner: Discovering "D:\\VSK\\EntropyLabs\\FINDMYSTUFF\\src\\app\\api"
2025-11-24T14:08:58.116890Z  INFO get_globs:scan_sources: tailwindcss_oxide::scanner: Discovering "D:\\VSK\\EntropyLabs\\FINDMYSTUFF\\src\\app\\api\\auth"
2025-11-24T14:08:58.117255Z  INFO get_globs:scan_sources: tailwindcss_oxide::scanner: Discovering "D:\\VSK\\EntropyLabs\\FINDMYSTUFF\\src\\app\\api\\auth\\[...nextauth]"
2025-11-24T14:08:58.117767Z  INFO get_globs:scan_sources: tailwindcss_oxide::scanner: Discovering "D:\\VSK\\EntropyLabs\\FINDMYSTUFF\\src\\app\\api\\posts"
2025-11-24T14:08:58.118191Z  INFO get_globs:scan_sources: tailwindcss_oxide::scanner: Discovering "D:\\VSK\\EntropyLabs\\FINDMYSTUFF\\src\\app\\api\\posts\\[id]"
2025-11-24T14:08:58.118766Z  INFO get_globs:scan_sources: tailwindcss_oxide::scanner: Discovering "D:\\VSK\\EntropyLabs\\FINDMYSTUFF\\src\\app\\feed"
2025-11-24T14:08:58.119240Z  INFO get_globs:scan_sources: tailwindcss_oxide::scanner: Discovering "D:\\VSK\\EntropyLabs\\FINDMYSTUFF\\src\\app\\feed\\[id]"
2025-11-24T14:08:58.120000Z  INFO get_globs:scan_sources: tailwindcss_oxide::scanner: Discovering "D:\\VSK\\EntropyLabs\\FINDMYSTUFF\\src\\app\\offline"
2025-11-24T14:08:58.120464Z  INFO get_globs:scan_sources: tailwindcss_oxide::scanner: Discovering "D:\\VSK\\EntropyLabs\\FINDMYSTUFF\\src\\app\\report"
2025-11-24T14:08:58.120993Z  INFO get_globs:scan_sources: tailwindcss_oxide::scanner: Discovering "D:\\VSK\\EntropyLabs\\FINDMYSTUFF\\src\\components"
2025-11-24T14:08:58.121627Z  INFO get_globs:scan_sources: tailwindcss_oxide::scanner: Discovering "D:\\VSK\\EntropyLabs\\FINDMYSTUFF\\src\\components\\map"
2025-11-24T14:08:58.122610Z  INFO get_globs:scan_sources: tailwindcss_oxide::scanner: Discovering "D:\\VSK\\EntropyLabs\\FINDMYSTUFF\\src\\components\\ui"
2025-11-24T14:08:58.123147Z  INFO get_globs:scan_sources: tailwindcss_oxide::scanner: Discovering "D:\\VSK\\EntropyLabs\\FINDMYSTUFF\\src\\hooks"
2025-11-24T14:08:58.123511Z  INFO get_globs:scan_sources: tailwindcss_oxide::scanner: Discovering "D:\\VSK\\EntropyLabs\\FINDMYSTUFF\\src\\lib"
2025-11-24T14:08:58.123883Z  INFO get_globs:scan_sources: tailwindcss_oxide::scanner: Discovering "D:\\VSK\\EntropyLabs\\FINDMYSTUFF\\src\\models"
2025-11-24T14:08:58.124322Z  INFO get_globs:scan_sources: tailwindcss_oxide::scanner: exit
2025-11-24T14:08:58.131763Z  INFO get_globs: tailwindcss_oxide::scanner: exit
